Reading netlist file: "C:\ASIER\00-Electronica\U1-FPGAs\Proyecto\src\Gowin_Project\impl\gwsynthesis\Gowin_Project.vg"
Parsing netlist file "C:\ASIER\00-Electronica\U1-FPGAs\Proyecto\src\Gowin_Project\impl\gwsynthesis\Gowin_Project.vg" completed
Processing netlist completed
Reading constraint file: "C:\ASIER\00-Electronica\U1-FPGAs\Proyecto\src\Gowin_Project\src\Gowin_Project.cst"
Physical Constraint parsed completed
Running placement......
[10%] Placement Phase 0 completed
[20%] Placement Phase 1 completed
[30%] Placement Phase 2 completed
[50%] Placement Phase 3 completed
Running routing......
[60%] Routing Phase 0 completed
[70%] Routing Phase 1 completed
[80%] Routing Phase 2 completed
[90%] Routing Phase 3 completed
Running timing analysis......
[95%] Timing analysis completed
Placement and routing completed
Bitstream generation in progress......
Bitstream generation completed
Running power analysis......
[100%] Power analysis completed
Generate file "C:\ASIER\00-Electronica\U1-FPGAs\Proyecto\src\Gowin_Project\impl\pnr\Gowin_Project.power.html" completed
Generate file "C:\ASIER\00-Electronica\U1-FPGAs\Proyecto\src\Gowin_Project\impl\pnr\Gowin_Project.pin.html" completed
Generate file "C:\ASIER\00-Electronica\U1-FPGAs\Proyecto\src\Gowin_Project\impl\pnr\Gowin_Project.rpt.html" completed
Generate file "C:\ASIER\00-Electronica\U1-FPGAs\Proyecto\src\Gowin_Project\impl\pnr\Gowin_Project.rpt.txt" completed
Generate file "C:\ASIER\00-Electronica\U1-FPGAs\Proyecto\src\Gowin_Project\impl\pnr\Gowin_Project.tr.html" completed
Sat Apr 27 12:41:42 2024

