GowinSynthesis start
Running parser ...
Analyzing Verilog file 'C:\ASIER\00-Electronica\U1-FPGAs\Proyecto\src\Gowin_Project\src\Servo_control.v'
Analyzing Verilog file 'C:\ASIER\00-Electronica\U1-FPGAs\Proyecto\src\Gowin_Project\src\TOP.v'
Analyzing Verilog file 'C:\ASIER\00-Electronica\U1-FPGAs\Proyecto\src\Gowin_Project\src\Uart_rx.v'
Analyzing Verilog file 'C:\ASIER\00-Electronica\U1-FPGAs\Proyecto\src\Gowin_Project\src\Uart_tx.v'
Compiling module 'TOP'("C:\ASIER\00-Electronica\U1-FPGAs\Proyecto\src\Gowin_Project\src\TOP.v":4)
WARN  (EX3780) : Using initial value of 'data' since it is never assigned("C:\ASIER\00-Electronica\U1-FPGAs\Proyecto\src\Gowin_Project\src\TOP.v":113)
Compiling module 'uart_rx'("C:\ASIER\00-Electronica\U1-FPGAs\Proyecto\src\Gowin_Project\src\Uart_rx.v":9)
Compiling module 'uart_tx'("C:\ASIER\00-Electronica\U1-FPGAs\Proyecto\src\Gowin_Project\src\Uart_tx.v":12)
Compiling module 'servo_control'("C:\ASIER\00-Electronica\U1-FPGAs\Proyecto\src\Gowin_Project\src\Servo_control.v":2)
WARN  (EX3670) : Actual bit length 32 differs from formal bit length 20 for port 'in_pwm'("C:\ASIER\00-Electronica\U1-FPGAs\Proyecto\src\Gowin_Project\src\TOP.v":154)
NOTE  (EX0101) : Current top module is "TOP"
[5%] Running netlist conversion ...
Running device independent optimization ...
[10%] Optimizing Phase 0 completed
[15%] Optimizing Phase 1 completed
[25%] Optimizing Phase 2 completed
Running inference ...
[30%] Inferring Phase 0 completed
[40%] Inferring Phase 1 completed
[50%] Inferring Phase 2 completed
[55%] Inferring Phase 3 completed
Running technical mapping ...
[60%] Tech-Mapping Phase 0 completed
[65%] Tech-Mapping Phase 1 completed
[75%] Tech-Mapping Phase 2 completed
[80%] Tech-Mapping Phase 3 completed
[90%] Tech-Mapping Phase 4 completed
[95%] Generate netlist file "C:\ASIER\00-Electronica\U1-FPGAs\Proyecto\src\Gowin_Project\impl\gwsynthesis\Gowin_Project.vg" completed
[100%] Generate report file "C:\ASIER\00-Electronica\U1-FPGAs\Proyecto\src\Gowin_Project\impl\gwsynthesis\Gowin_Project_syn.rpt.html" completed
GowinSynthesis finish
